Flutter crash report.
Please report a bug at https://github.com/flutter/flutter/issues.

## command

flutter run --machine --start-paused -d chrome --devtools-server-address http://127.0.0.1:9101/ --target D:\HomeServiceMaintenance\Project\clients\lib\main.dart

## exception

OutOfMemoryError: Out of Memory

```
#0      new Uint8List (dart:typed_data-patch/typed_data_patch.dart:2307:3)
#1      _File.readAsBytesSync (dart:io/file_impl.dart:589:16)
#2      ForwardingFile.readAsBytesSync (package:file/src/forwarding/forwarding_file.dart:91:43)
#3      ForwardingFile.readAsBytesSync (package:file/src/forwarding/forwarding_file.dart:91:43)
#4      WebMemoryFS.write (package:flutter_tools/src/web/memory_fs.dart:34:42)
#5      WebDevFS.update (package:flutter_tools/src/isolated/devfs_web.dart:1061:45)
#6      _rootRunUnary (dart:async/zone.dart:1422:47)
#7      _CustomZone.runUnary (dart:async/zone.dart:1324:19)
#8      _FutureListener.handleValue (dart:async/future_impl.dart:204:18)
#9      Future._propagateToListeners.handleValueCallback (dart:async/future_impl.dart:902:45)
#10     Future._propagateToListeners (dart:async/future_impl.dart:931:13)
#11     Future._completeWithValue (dart:async/future_impl.dart:707:5)
#12     Future._asyncCompleteWithValue.<anonymous closure> (dart:async/future_impl.dart:777:7)
#13     _rootRun (dart:async/zone.dart:1414:13)
#14     _CustomZone.run (dart:async/zone.dart:1317:19)
#15     _CustomZone.runGuarded (dart:async/zone.dart:1225:7)
#16     _CustomZone.bindCallbackGuarded.<anonymous closure> (dart:async/zone.dart:1265:23)
#17     _microtaskLoop (dart:async/schedule_microtask.dart:40:21)
#18     _startMicrotaskLoop (dart:async/schedule_microtask.dart:49:5)
#19     _runPendingImmediateCallback (dart:isolate-patch/isolate_patch.dart:118:13)
#20     _RawReceivePort._handleMessage (dart:isolate-patch/isolate_patch.dart:185:5)
```

## flutter doctor

```
[✓] Flutter (Channel stable, 3.27.2, on Microsoft Windows [Version 10.0.22631.4890], locale en-IN)
    • Flutter version 3.27.2 on channel stable at C:\src\flutter
    • Upstream repository https://github.com/flutter/flutter.git
    • Framework revision 68415ad1d9 (7 weeks ago), 2025-01-13 10:22:03 -0800
    • Engine revision e672b006cb
    • Dart version 3.6.1
    • DevTools version 2.40.2

[!] Windows Version (Problem detected with Windows installation)
    ! Get-Process failed to complete

[!] Android toolchain - develop for Android devices (Android SDK version 35.0.0)
    • Android SDK at C:\Users\USER\AppData\Local\Android\sdk
    • Platform android-35, build-tools 35.0.0
    • Java binary at: C:\Program Files\Java\jdk-17\bin\java
    ✗ Could not determine java version

[✓] Chrome - develop for the web
    • Chrome at C:\Program Files (x86)\Google\Chrome\Application\chrome.exe

[✗] Visual Studio - develop Windows apps
    ✗ Visual Studio not installed; this is necessary to develop Windows apps.
      Download at https://visualstudio.microsoft.com/downloads/.
      Please install the "Desktop development with C++" workload, including all of its default components

[!] Android Studio (version 2024.2)
    • Android Studio at C:\Program Files\Android\Android Studio
    • Flutter plugin can be installed from:
      🔨 https://plugins.jetbrains.com/plugin/9212-flutter
    • Dart plugin can be installed from:
      🔨 https://plugins.jetbrains.com/plugin/6351-dart
    ✗ Unable to determine bundled Java version.
    • Try updating or re-installing Android Studio.

[✓] VS Code (version 1.97.2)
    • VS Code at C:\Users\USER\AppData\Local\Programs\Microsoft VS Code
    • Flutter extension version 3.104.0

[✓] Connected device (3 available)
    • Windows (desktop) • windows • windows-x64    • Microsoft Windows [Version 10.0.22631.4890]
    • Chrome (web)      • chrome  • web-javascript • Google Chrome 133.0.6943.142
    • Edge (web)        • edge    • web-javascript • Microsoft Edge 133.0.3065.82

[✓] Network resources
    • All expected network resources are available.

! Doctor found issues in 4 categories.
```
